<?xml version="1.0" encoding="UTF-8"?>
<!-- Generated by org.testng.reporters.JUnitReportReporter -->
<testsuite hostname="Raramuri" failures="0" tests="9" name="com.zopSmart.genericUtil.Demo" time="0.228" errors="0" timestamp="11 Mar 2021 11:05:23 GMT" skipped="0">
  <testcase classname="com.zopSmart.genericUtil.Demo" name="test" time="0.019"/>
  <testcase classname="com.zopSmart.genericUtil.Demo" name="test" time="0.028"/>
  <testcase classname="com.zopSmart.genericUtil.Demo" name="test" time="0.020"/>
  <testcase classname="com.zopSmart.genericUtil.Demo" name="test" time="0.023"/>
  <testcase classname="com.zopSmart.genericUtil.Demo" name="test" time="0.022"/>
  <testcase classname="com.zopSmart.genericUtil.Demo" name="test" time="0.029"/>
  <testcase classname="com.zopSmart.genericUtil.Demo" name="test" time="0.042"/>
  <testcase classname="com.zopSmart.genericUtil.Demo" name="test" time="0.022"/>
  <testcase classname="com.zopSmart.genericUtil.Demo" name="test" time="0.023"/>
</testsuite> <!-- com.zopSmart.genericUtil.Demo -->
