<?xml version="1.0" encoding="UTF-8"?>
<!-- Generated by org.testng.reporters.JUnitReportReporter -->
<testsuite hostname="Raramuri" failures="0" tests="9" name="com.zopSmart.genericUtil.Demo" time="0.223" errors="0" timestamp="11 Mar 2021 09:32:53 GMT" skipped="0">
  <testcase classname="com.zopSmart.genericUtil.Demo" name="test" time="0.020"/>
  <testcase classname="com.zopSmart.genericUtil.Demo" name="test" time="0.020"/>
  <testcase classname="com.zopSmart.genericUtil.Demo" name="test" time="0.020"/>
  <testcase classname="com.zopSmart.genericUtil.Demo" name="test" time="0.022"/>
  <testcase classname="com.zopSmart.genericUtil.Demo" name="test" time="0.019"/>
  <testcase classname="com.zopSmart.genericUtil.Demo" name="test" time="0.020"/>
  <testcase classname="com.zopSmart.genericUtil.Demo" name="test" time="0.057"/>
  <testcase classname="com.zopSmart.genericUtil.Demo" name="test" time="0.026"/>
  <testcase classname="com.zopSmart.genericUtil.Demo" name="test" time="0.019"/>
</testsuite> <!-- com.zopSmart.genericUtil.Demo -->
