<?xml version="1.0" encoding="UTF-8"?>
<!-- Generated by org.testng.reporters.JUnitReportReporter -->
<testsuite hostname="Raramuri" failures="0" tests="9" name="com.zopSmart.genericUtil.TestScripts" time="0.220" errors="0" timestamp="11 Mar 2021 11:10:57 GMT" skipped="0">
  <testcase classname="com.zopSmart.genericUtil.TestScripts" name="test" time="0.021"/>
  <testcase classname="com.zopSmart.genericUtil.TestScripts" name="test" time="0.021"/>
  <testcase classname="com.zopSmart.genericUtil.TestScripts" name="test" time="0.021"/>
  <testcase classname="com.zopSmart.genericUtil.TestScripts" name="test" time="0.019"/>
  <testcase classname="com.zopSmart.genericUtil.TestScripts" name="test" time="0.020"/>
  <testcase classname="com.zopSmart.genericUtil.TestScripts" name="test" time="0.020"/>
  <testcase classname="com.zopSmart.genericUtil.TestScripts" name="test" time="0.049"/>
  <testcase classname="com.zopSmart.genericUtil.TestScripts" name="test" time="0.029"/>
  <testcase classname="com.zopSmart.genericUtil.TestScripts" name="test" time="0.020"/>
</testsuite> <!-- com.zopSmart.genericUtil.TestScripts -->
