<?xml version="1.0" encoding="UTF-8"?>
<!-- Generated by org.testng.reporters.JUnitReportReporter -->
<testsuite hostname="Raramuri" failures="0" tests="2" name="com.zopSmart.genericUtil.TestMap" time="0.009" errors="0" timestamp="10 Mar 2021 14:14:24 GMT" skipped="0">
  <testcase classname="com.zopSmart.genericUtil.TestMap" name="m1" time="0.007"/>
  <testcase classname="com.zopSmart.genericUtil.TestMap" name="m1" time="0.002"/>
</testsuite> <!-- com.zopSmart.genericUtil.TestMap -->
